2025-02-14 21:11:00 [[31MERROR[39M] [printf.js:11]: No user found
2025-02-14 21:11:00 [[31MERROR[39M] [printf.js:11]: Login not found
2025-02-14 21:11:00 [[31MERROR[39M] [printf.js:11]: Routing to handle user login failed
2025-02-14 21:11:10 [[32MINFO[39M] [printf.js:11]: Finding username..
2025-02-14 21:11:10 [[32MINFO[39M] [printf.js:11]: Did not find username!
2025-02-14 21:11:10 [[32MINFO[39M] [printf.js:11]: Checking age..
2025-02-14 21:11:10 [[32MINFO[39M] [printf.js:11]: User succesfully created!
2025-02-14 21:11:10 [[32MINFO[39M] [printf.js:11]: Routing to handle user signup!
2025-02-14 21:11:12 [[32MINFO[39M] [printf.js:11]: Getting Hotels..
2025-02-14 21:11:12 [[32MINFO[39M] [printf.js:11]: Routing all hotels
2025-02-14 21:11:12 [[32MINFO[39M] [printf.js:11]: Getting Hotels..
2025-02-14 21:11:12 [[32MINFO[39M] [printf.js:11]: Routing all hotels
2025-02-19 16:48:10 [[31MERROR[39M] [printf.js:11]: Couldnt verify token
2025-02-19 16:52:33 [[31MERROR[39M] [printf.js:11]: Couldnt verify token
2025-02-21 14:08:08 [[31MERROR[39M] [printf.js:11]: Couldnt verify token
2025-03-12 01:29:45 [[32MINFO[39M] [printf.js:11]: Application is starting...
2025-03-12 01:58:45 [[31MERROR[39M] [printf.js:11]: Couldnt verify token
2025-03-20 23:45:28 [[31MERROR[39M] [printf.js:11]: Couldnt verify token
2025-03-20 23:47:01 [[31MERROR[39M] [printf.js:11]: Couldnt verify token
2025-03-20 23:47:03 [[32M'INFO'[39M] [printf.js:11]: Displaying city
2025-03-20 23:53:21 [[31MERROR[39M] [printf.js:11]: Couldnt verify token
2025-03-20 23:55:30 [[31MERROR[39M] [printf.js:11]: Couldnt verify token
2025-03-21 00:31:23 [[31MERROR[39M] [printf.js:11]: Couldnt verify token
